0 verbose cli /opt/homebrew/Cellar/node/25.2.1/bin/node /opt/homebrew/bin/npm
1 info using npm@11.7.0
2 info using node@v25.2.1
3 silly config load:file:/opt/homebrew/lib/node_modules/npm/npmrc
4 silly config load:file:/Users/extrepa/Projects/errl-portal/.npmrc
5 silly config load:file:/Users/extrepa/.npmrc
6 silly config load:file:/opt/homebrew/etc/npmrc
7 verbose title npm install
8 verbose argv "install"
9 verbose logfile logs-max:10 dir:/Users/extrepa/Projects/errl-portal/.npm-logs/2026-01-14T06_31_15_464Z-
10 verbose logfile /Users/extrepa/Projects/errl-portal/.npm-logs/2026-01-14T06_31_15_464Z-debug-0.log
11 silly logfile start cleaning logs, removing 1 files
12 silly packumentCache heap:4496293888 maxSize:1124073472 maxEntrySize:562036736
13 silly logfile done cleaning log files
14 silly idealTree buildDeps
15 silly reify moves {}
16 silly audit bulk request {
16 silly audit   '@alloc/quick-lru': [ '5.2.0' ],
16 silly audit   '@babel/code-frame': [ '7.28.6' ],
16 silly audit   '@babel/compat-data': [ '7.28.6' ],
16 silly audit   '@babel/core': [ '7.28.6' ],
16 silly audit   semver: [ '6.3.1', '7.7.3' ],
16 silly audit   '@babel/generator': [ '7.28.6' ],
16 silly audit   '@babel/helper-compilation-targets': [ '7.28.6' ],
16 silly audit   'lru-cache': [ '5.1.1', '10.4.3' ],
16 silly audit   yallist: [ '3.1.1', '4.0.0' ],
16 silly audit   '@babel/helper-globals': [ '7.28.0' ],
16 silly audit   '@babel/helper-module-imports': [ '7.28.6' ],
16 silly audit   '@babel/helper-module-transforms': [ '7.28.6' ],
16 silly audit   '@babel/helper-plugin-utils': [ '7.28.6' ],
16 silly audit   '@babel/helper-string-parser': [ '7.27.1' ],
16 silly audit   '@babel/helper-validator-identifier': [ '7.28.5' ],
16 silly audit   '@babel/helper-validator-option': [ '7.27.1' ],
16 silly audit   '@babel/helpers': [ '7.28.6' ],
16 silly audit   '@babel/parser': [ '7.28.6' ],
16 silly audit   '@babel/plugin-transform-react-jsx-self': [ '7.27.1' ],
16 silly audit   '@babel/plugin-transform-react-jsx-source': [ '7.27.1' ],
16 silly audit   '@babel/template': [ '7.28.6' ],
16 silly audit   '@babel/traverse': [ '7.28.6' ],
16 silly audit   '@babel/types': [ '7.28.6' ],
16 silly audit   '@electron/get': [ '2.0.3' ],
16 silly audit   '@esbuild/aix-ppc64': [ '0.25.12', '0.27.2' ],
16 silly audit   '@esbuild/android-arm': [ '0.25.12', '0.27.2' ],
16 silly audit   '@esbuild/android-arm64': [ '0.25.12', '0.27.2' ],
16 silly audit   '@esbuild/android-x64': [ '0.25.12', '0.27.2' ],
16 silly audit   '@esbuild/darwin-arm64': [ '0.25.12', '0.27.2' ],
16 silly audit   '@esbuild/darwin-x64': [ '0.25.12', '0.27.2' ],
16 silly audit   '@esbuild/freebsd-arm64': [ '0.25.12', '0.27.2' ],
16 silly audit   '@esbuild/freebsd-x64': [ '0.25.12', '0.27.2' ],
16 silly audit   '@esbuild/linux-arm': [ '0.25.12', '0.27.2' ],
16 silly audit   '@esbuild/linux-arm64': [ '0.25.12', '0.27.2' ],
16 silly audit   '@esbuild/linux-ia32': [ '0.25.12', '0.27.2' ],
16 silly audit   '@esbuild/linux-loong64': [ '0.25.12', '0.27.2' ],
16 silly audit   '@esbuild/linux-mips64el': [ '0.25.12', '0.27.2' ],
16 silly audit   '@esbuild/linux-ppc64': [ '0.25.12', '0.27.2' ],
16 silly audit   '@esbuild/linux-riscv64': [ '0.25.12', '0.27.2' ],
16 silly audit   '@esbuild/linux-s390x': [ '0.25.12', '0.27.2' ],
16 silly audit   '@esbuild/linux-x64': [ '0.25.12', '0.27.2' ],
16 silly audit   '@esbuild/netbsd-arm64': [ '0.25.12', '0.27.2' ],
16 silly audit   '@esbuild/netbsd-x64': [ '0.25.12', '0.27.2' ],
16 silly audit   '@esbuild/openbsd-arm64': [ '0.25.12', '0.27.2' ],
16 silly audit   '@esbuild/openbsd-x64': [ '0.25.12', '0.27.2' ],
16 silly audit   '@esbuild/openharmony-arm64': [ '0.25.12', '0.27.2' ],
16 silly audit   '@esbuild/sunos-x64': [ '0.25.12', '0.27.2' ],
16 silly audit   '@esbuild/win32-arm64': [ '0.25.12', '0.27.2' ],
16 silly audit   '@esbuild/win32-ia32': [ '0.25.12', '0.27.2' ],
16 silly audit   '@esbuild/win32-x64': [ '0.25.12', '0.27.2' ],
16 silly audit   '@isaacs/cliui': [ '8.0.2' ],
16 silly audit   'ansi-regex': [ '6.2.2', '5.0.1' ],
16 silly audit   'emoji-regex': [ '9.2.2', '8.0.0' ],
16 silly audit   'string-width': [ '5.1.2', '4.2.3' ],
16 silly audit   'strip-ansi': [ '7.1.2', '6.0.1' ],
16 silly audit   '@jridgewell/gen-mapping': [ '0.3.13' ],
16 silly audit   '@jridgewell/remapping': [ '2.3.5' ],
16 silly audit   '@jridgewell/resolve-uri': [ '3.1.2' ],
16 silly audit   '@jridgewell/sourcemap-codec': [ '1.5.5' ],
16 silly audit   '@jridgewell/trace-mapping': [ '0.3.31' ],
16 silly audit   '@mapbox/node-pre-gyp': [ '1.0.11' ],
16 silly audit   '@monaco-editor/loader': [ '1.6.1' ],
16 silly audit   '@monaco-editor/react': [ '4.7.0' ],
16 silly audit   '@nodelib/fs.scandir': [ '2.1.5' ],
16 silly audit   '@nodelib/fs.stat': [ '2.0.5' ],
16 silly audit   '@nodelib/fs.walk': [ '1.2.8' ],
16 silly audit   '@pkgjs/parseargs': [ '0.11.0' ],
16 silly audit   '@playwright/test': [ '1.56.1' ],
16 silly audit   '@rolldown/pluginutils': [ '1.0.0-beta.27' ],
16 silly audit   '@rollup/rollup-android-arm-eabi': [ '4.52.5' ],
16 silly audit   '@rollup/rollup-android-arm64': [ '4.52.5' ],
16 silly audit   '@rollup/rollup-darwin-arm64': [ '4.52.5' ],
16 silly audit   '@rollup/rollup-darwin-x64': [ '4.52.5' ],
16 silly audit   '@rollup/rollup-freebsd-arm64': [ '4.52.5' ],
16 silly audit   '@rollup/rollup-freebsd-x64': [ '4.52.5' ],
16 silly audit   '@rollup/rollup-linux-arm-gnueabihf': [ '4.52.5' ],
16 silly audit   '@rollup/rollup-linux-arm-musleabihf': [ '4.52.5' ],
16 silly audit   '@rollup/rollup-linux-arm64-gnu': [ '4.52.5' ],
16 silly audit   '@rollup/rollup-linux-arm64-musl': [ '4.52.5' ],
16 silly audit   '@rollup/rollup-linux-loong64-gnu': [ '4.52.5' ],
16 silly audit   '@rollup/rollup-linux-ppc64-gnu': [ '4.52.5' ],
16 silly audit   '@rollup/rollup-linux-riscv64-gnu': [ '4.52.5' ],
16 silly audit   '@rollup/rollup-linux-riscv64-musl': [ '4.52.5' ],
16 silly audit   '@rollup/rollup-linux-s390x-gnu': [ '4.52.5' ],
16 silly audit   '@rollup/rollup-linux-x64-gnu': [ '4.52.5' ],
16 silly audit   '@rollup/rollup-linux-x64-musl': [ '4.52.5' ],
16 silly audit   '@rollup/rollup-openharmony-arm64': [ '4.52.5' ],
16 silly audit   '@rollup/rollup-win32-arm64-msvc': [ '4.52.5' ],
16 silly audit   '@rollup/rollup-win32-ia32-msvc': [ '4.52.5' ],
16 silly audit   '@rollup/rollup-win32-x64-gnu': [ '4.52.5' ],
16 silly audit   '@rollup/rollup-win32-x64-msvc': [ '4.52.5' ],
16 silly audit   '@sindresorhus/is': [ '4.6.0' ],
16 silly audit   '@szmarczak/http-timer': [ '4.0.6' ],
16 silly audit   '@tootallnate/once': [ '2.0.0' ],
16 silly audit   '@types/babel__core': [ '7.20.5' ],
16 silly audit   '@types/babel__generator': [ '7.27.0' ],
16 silly audit   '@types/babel__template': [ '7.4.4' ],
16 silly audit   '@types/babel__traverse': [ '7.28.0' ],
16 silly audit   '@types/body-parser': [ '1.19.6' ],
16 silly audit   '@types/cacheable-request': [ '6.0.3' ],
16 silly audit   '@types/connect': [ '3.4.38' ],
16 silly audit   '@types/debug': [ '4.1.12' ],
16 silly audit   '@types/estree': [ '1.0.8' ],
16 silly audit   '@types/estree-jsx': [ '1.0.5' ],
16 silly audit   '@types/express': [ '4.17.24' ],
16 silly audit   '@types/express-serve-static-core': [ '4.19.7' ],
16 silly audit   '@types/hast': [ '3.0.4' ],
16 silly audit   '@types/http-cache-semantics': [ '4.0.4' ],
16 silly audit   '@types/http-errors': [ '2.0.5' ],
16 silly audit   '@types/keyv': [ '3.1.4' ],
16 silly audit   '@types/mdast': [ '4.0.4' ],
16 silly audit   '@types/mime': [ '1.3.5' ],
16 silly audit   '@types/ms': [ '2.1.0' ],
16 silly audit   '@types/node': [ '20.19.23', '22.19.1' ],
16 silly audit   '@types/paper': [ '0.12.3' ],
16 silly audit   '@types/qs': [ '6.14.0' ],
16 silly audit   '@types/range-parser': [ '1.2.7' ],
16 silly audit   '@types/react': [ '19.2.7' ],
16 silly audit   '@types/react-dom': [ '19.2.3' ],
16 silly audit   '@types/responselike': [ '1.0.3' ],
16 silly audit   '@types/send': [ '1.2.1', '0.17.6' ],
16 silly audit   '@types/serve-static': [ '1.15.10' ],
16 silly audit   '@types/trusted-types': [ '1.0.6' ],
16 silly audit   '@types/unist': [ '3.0.3', '2.0.11' ],
16 silly audit   '@types/yauzl': [ '2.10.3' ],
16 silly audit   '@ungap/structured-clone': [ '1.3.0' ],
16 silly audit   '@vitejs/plugin-react': [ '4.7.0' ],
16 silly audit   abab: [ '2.0.6' ],
16 silly audit   abbrev: [ '1.1.1' ],
16 silly audit   accepts: [ '2.0.0' ],
16 silly audit   'mime-db': [ '1.54.0', '1.52.0' ],
16 silly audit   'mime-types': [ '3.0.1', '2.1.35' ],
16 silly audit   acorn: [ '8.15.0' ],
16 silly audit   'acorn-globals': [ '7.0.1' ],
16 silly audit   'acorn-walk': [ '8.3.4' ],
16 silly audit   'agent-base': [ '6.0.2' ],
16 silly audit   'ansi-styles': [ '6.2.3', '4.3.0' ],
16 silly audit   'any-promise': [ '1.3.0' ],
16 silly audit   anymatch: [ '3.1.3' ],
16 silly audit   picomatch: [ '2.3.1', '4.0.3' ],
16 silly audit   'append-field': [ '1.0.0' ],
16 silly audit   aproba: [ '2.1.0' ],
16 silly audit   'are-we-there-yet': [ '2.0.0' ],
16 silly audit   'readable-stream': [ '3.6.2', '2.3.8' ],
16 silly audit   arg: [ '5.0.2' ],
16 silly audit   asynckit: [ '0.4.0' ],
16 silly audit   autoprefixer: [ '10.4.22' ],
16 silly audit   bail: [ '2.0.2' ],
16 silly audit   'balanced-match': [ '1.0.2' ],
16 silly audit   'baseline-browser-mapping': [ '2.8.26' ],
16 silly audit   'binary-extensions': [ '2.3.0' ],
16 silly audit   'body-parser': [ '2.2.0' ],
16 silly audit   boolean: [ '3.2.0' ],
16 silly audit   'brace-expansion': [ '1.1.12', '2.0.2' ],
16 silly audit   braces: [ '3.0.3' ],
16 silly audit   browserslist: [ '4.28.0' ],
16 silly audit   'buffer-crc32': [ '0.2.13' ],
16 silly audit   'buffer-from': [ '1.1.2' ],
16 silly audit   busboy: [ '1.6.0' ],
16 silly audit   bytes: [ '3.1.2' ],
16 silly audit   'cacheable-lookup': [ '5.0.4' ],
16 silly audit   'cacheable-request': [ '7.0.4' ],
16 silly audit   'call-bind-apply-helpers': [ '1.0.2' ],
16 silly audit   'call-bound': [ '1.0.4' ],
16 silly audit   'camelcase-css': [ '2.0.1' ],
16 silly audit   'caniuse-lite': [ '1.0.30001754' ],
16 silly audit   canvas: [ '2.11.2' ],
16 silly audit   ccount: [ '2.0.1' ],
16 silly audit   'character-entities': [ '2.0.2' ],
16 silly audit   'character-entities-html4': [ '2.1.0' ],
16 silly audit   'character-entities-legacy': [ '3.0.0' ],
16 silly audit   'character-reference-invalid': [ '2.0.1' ],
16 silly audit   chokidar: [ '3.6.0' ],
16 silly audit   'glob-parent': [ '5.1.2', '6.0.2' ],
16 silly audit   chownr: [ '2.0.0' ],
16 silly audit   'clone-response': [ '1.0.3' ],
16 silly audit   'mimic-response': [ '1.0.1', '3.1.0', '2.1.0' ],
16 silly audit   'color-convert': [ '2.0.1' ],
16 silly audit   'color-name': [ '1.1.4' ],
16 silly audit   'color-support': [ '1.1.3' ],
16 silly audit   'combined-stream': [ '1.0.8' ],
16 silly audit   'comma-separated-tokens': [ '2.0.3' ],
16 silly audit   commander: [ '4.1.1', '2.20.3' ],
16 silly audit   'concat-map': [ '0.0.1' ],
16 silly audit   'concat-stream': [ '2.0.0' ],
16 silly audit   'console-control-strings': [ '1.1.0' ],
16 silly audit   'content-disposition': [ '1.0.0' ],
16 silly audit   'content-type': [ '1.0.5' ],
16 silly audit   'convert-source-map': [ '2.0.0' ],
16 silly audit   cookie: [ '0.7.1', '1.0.2' ],
16 silly audit   'cookie-signature': [ '1.2.2' ],
16 silly audit   'core-util-is': [ '1.0.3' ],
16 silly audit   cors: [ '2.8.5' ],
16 silly audit   'cross-spawn': [ '7.0.6' ],
16 silly audit   cssesc: [ '3.0.0' ],
16 silly audit   cssom: [ '0.5.0', '0.3.8' ],
16 silly audit   cssstyle: [ '2.3.0' ],
16 silly audit   csstype: [ '3.2.3' ],
16 silly audit   'd3-array': [ '1.2.4' ],
16 silly audit   'd3-polygon': [ '1.0.6' ],
16 silly audit   'data-urls': [ '3.0.2' ],
16 silly audit   debug: [ '4.4.3' ],
16 silly audit   'decimal.js': [ '10.6.0' ],
16 silly audit   'decode-named-character-reference': [ '1.2.0' ],
16 silly audit   'decompress-response': [ '4.2.1', '6.0.0' ],
16 silly audit   'defer-to-connect': [ '2.0.1' ],
16 silly audit   'define-data-property': [ '1.1.4' ],
16 silly audit   'define-properties': [ '1.2.1' ],
16 silly audit   'delayed-stream': [ '1.0.0' ],
16 silly audit   delegates: [ '1.0.0' ],
16 silly audit   depd: [ '2.0.0' ],
16 silly audit   dequal: [ '2.0.3' ],
16 silly audit   'detect-libc': [ '2.1.2' ],
16 silly audit   'detect-node': [ '2.1.0' ],
16 silly audit   devlop: [ '1.1.0' ],
16 silly audit   didyoumean: [ '1.2.2' ],
16 silly audit   dlv: [ '1.1.3' ],
16 silly audit   domexception: [ '4.0.0' ],
16 silly audit   'dunder-proto': [ '1.0.1' ],
16 silly audit   earcut: [ '2.2.4' ],
16 silly audit   eastasianwidth: [ '0.2.0' ],
16 silly audit   'ee-first': [ '1.1.1' ],
16 silly audit   electron: [ '39.2.3' ],
16 silly audit   'electron-to-chromium': [ '1.5.250' ],
16 silly audit   encodeurl: [ '2.0.0' ],
16 silly audit   'end-of-stream': [ '1.4.5' ],
16 silly audit   entities: [ '6.0.1' ],
16 silly audit   'env-paths': [ '2.2.1' ],
16 silly audit   'es-define-property': [ '1.0.1' ],
16 silly audit   'es-errors': [ '1.3.0' ],
16 silly audit   'es-object-atoms': [ '1.1.1' ],
16 silly audit   'es-set-tostringtag': [ '2.1.0' ],
16 silly audit   'es6-error': [ '4.1.1' ],
16 silly audit   esbuild: [ '0.25.12', '0.27.2' ],
16 silly audit   escalade: [ '3.2.0' ],
16 silly audit   'escape-html': [ '1.0.3' ],
16 silly audit   'escape-string-regexp': [ '4.0.0' ],
16 silly audit   escodegen: [ '2.1.0' ],
16 silly audit   esprima: [ '4.0.1' ],
16 silly audit   estraverse: [ '5.3.0' ],
16 silly audit   'estree-util-is-identifier-name': [ '3.0.0' ],
16 silly audit   esutils: [ '2.0.3' ],
16 silly audit   etag: [ '1.8.1' ],
16 silly audit   express: [ '5.1.0' ],
16 silly audit   extend: [ '3.0.2' ],
16 silly audit   'extract-zip': [ '2.0.1' ],
16 silly audit   fabric: [ '6.7.1' ],
16 silly audit   'fast-glob': [ '3.3.3' ],
16 silly audit   fastq: [ '1.19.1' ],
16 silly audit   'fd-slicer': [ '1.1.0' ],
16 silly audit   fdir: [ '6.5.0' ],
16 silly audit   'fill-range': [ '7.1.1' ],
16 silly audit   finalhandler: [ '2.1.0' ],
16 silly audit   flubber: [ '0.4.2' ],
16 silly audit   'foreground-child': [ '3.3.1' ],
16 silly audit   'signal-exit': [ '4.1.0', '3.0.7' ],
16 silly audit   'form-data': [ '4.0.4' ],
16 silly audit   forwarded: [ '0.2.0' ],
16 silly audit   'fraction.js': [ '5.3.4' ],
16 silly audit   'framer-motion': [ '11.18.2' ],
16 silly audit   fresh: [ '2.0.0' ],
16 silly audit   'fs-extra': [ '8.1.0' ],
16 silly audit   universalify: [ '0.1.2', '0.2.0' ],
16 silly audit   'fs-minipass': [ '2.1.0' ],
16 silly audit   minipass: [ '3.3.6', '5.0.0', '7.1.2' ],
16 silly audit   'fs.realpath': [ '1.0.0' ],
16 silly audit   fsevents: [ '2.3.3', '2.3.2' ],
16 silly audit   'function-bind': [ '1.1.2' ],
16 silly audit   gauge: [ '3.0.2' ],
16 silly audit   gensync: [ '1.0.0-beta.2' ],
16 silly audit   'get-intrinsic': [ '1.3.0' ],
16 silly audit   'get-proto': [ '1.0.1' ],
16 silly audit   'get-stream': [ '5.2.0' ],
16 silly audit   'get-tsconfig': [ '4.13.0' ],
16 silly audit   glob: [ '7.2.3', '10.5.0' ],
16 silly audit   'global-agent': [ '3.0.0' ],
16 silly audit   globalthis: [ '1.0.4' ],
16 silly audit   gopd: [ '1.2.0' ],
16 silly audit   got: [ '11.8.6' ],
16 silly audit   'graceful-fs': [ '4.2.11' ],
16 silly audit   gsap: [ '3.13.0' ],
16 silly audit   'has-property-descriptors': [ '1.0.2' ],
16 silly audit   'has-symbols': [ '1.1.0' ],
16 silly audit   'has-tostringtag': [ '1.0.2' ],
16 silly audit   'has-unicode': [ '2.0.1' ],
16 silly audit   hasown: [ '2.0.2' ],
16 silly audit   'hast-util-to-jsx-runtime': [ '2.3.6' ],
16 silly audit   'hast-util-whitespace': [ '3.0.0' ],
16 silly audit   'html-encoding-sniffer': [ '3.0.0' ],
16 silly audit   'html-url-attributes': [ '3.0.1' ],
16 silly audit   'http-cache-semantics': [ '4.2.0' ],
16 silly audit   'http-errors': [ '2.0.0' ],
16 silly audit   statuses: [ '2.0.1', '2.0.2' ],
16 silly audit   'http-proxy-agent': [ '5.0.0' ],
16 silly audit   'http2-wrapper': [ '1.0.3' ],
16 silly audit   'https-proxy-agent': [ '5.0.1' ],
16 silly audit   'iconv-lite': [ '0.6.3', '0.7.0' ],
16 silly audit   immediate: [ '3.0.6' ],
16 silly audit   inflight: [ '1.0.6' ],
16 silly audit   inherits: [ '2.0.4' ],
16 silly audit   'inline-style-parser': [ '0.2.7' ],
16 silly audit   'ipaddr.js': [ '1.9.1' ],
16 silly audit   'is-alphabetical': [ '2.0.1' ],
16 silly audit   'is-alphanumerical': [ '2.0.1' ],
16 silly audit   'is-binary-path': [ '2.1.0' ],
16 silly audit   'is-core-module': [ '2.16.1' ],
16 silly audit   'is-decimal': [ '2.0.1' ],
16 silly audit   'is-extglob': [ '2.1.1' ],
16 silly audit   'is-fullwidth-code-point': [ '3.0.0' ],
16 silly audit   'is-glob': [ '4.0.3' ],
16 silly audit   'is-hexadecimal': [ '2.0.1' ],
16 silly audit   'is-number': [ '7.0.0' ],
16 silly audit   'is-plain-obj': [ '4.1.0' ],
16 silly audit   'is-potential-custom-element-name': [ '1.0.1' ],
16 silly audit   'is-promise': [ '4.0.0' ],
16 silly audit   isarray: [ '1.0.0' ],
16 silly audit   isexe: [ '2.0.0' ],
16 silly audit   jackspeak: [ '3.4.3' ],
16 silly audit   jiti: [ '1.21.7' ],
16 silly audit   'js-tokens': [ '4.0.0' ],
16 silly audit   jsdom: [ '20.0.3' ],
16 silly audit   jsesc: [ '3.1.0' ],
16 silly audit   'json-buffer': [ '3.0.1' ],
16 silly audit   'json-stringify-safe': [ '5.0.1' ],
16 silly audit   json5: [ '2.2.3' ],
16 silly audit   jsonfile: [ '4.0.0' ],
16 silly audit   jszip: [ '3.10.1' ],
16 silly audit   keyv: [ '4.5.4' ],
16 silly audit   lie: [ '3.3.0' ],
16 silly audit   lilconfig: [ '3.1.3' ],
16 silly audit   'lines-and-columns': [ '1.2.4' ],
16 silly audit   'longest-streak': [ '3.1.0' ],
16 silly audit   'lowercase-keys': [ '2.0.0' ],
16 silly audit   'lucide-react': [ '0.552.0' ],
16 silly audit   'make-dir': [ '3.1.0' ],
16 silly audit   matcher: [ '3.0.0' ],
16 silly audit   'math-intrinsics': [ '1.1.0' ],
16 silly audit   'mdast-util-from-markdown': [ '2.0.2' ],
16 silly audit   'mdast-util-mdx-expression': [ '2.0.1' ],
16 silly audit   'mdast-util-mdx-jsx': [ '3.2.0' ],
16 silly audit   'mdast-util-mdxjs-esm': [ '2.0.1' ],
16 silly audit   'mdast-util-phrasing': [ '4.1.0' ],
16 silly audit   'mdast-util-to-hast': [ '13.2.1' ],
16 silly audit   'mdast-util-to-markdown': [ '2.1.2' ],
16 silly audit   'mdast-util-to-string': [ '4.0.0' ],
16 silly audit   'media-typer': [ '1.1.0', '0.3.0' ],
16 silly audit   'merge-descriptors': [ '2.0.0' ],
16 silly audit   merge2: [ '1.4.1' ],
16 silly audit   micromark: [ '4.0.2' ],
16 silly audit   'micromark-core-commonmark': [ '2.0.3' ],
16 silly audit   'micromark-factory-destination': [ '2.0.1' ],
16 silly audit   'micromark-factory-label': [ '2.0.1' ],
16 silly audit   'micromark-factory-space': [ '2.0.1' ],
16 silly audit   'micromark-factory-title': [ '2.0.1' ],
16 silly audit   'micromark-factory-whitespace': [ '2.0.1' ],
16 silly audit   'micromark-util-character': [ '2.1.1' ],
16 silly audit   'micromark-util-chunked': [ '2.0.1' ],
16 silly audit   'micromark-util-classify-character': [ '2.0.1' ],
16 silly audit   'micromark-util-combine-extensions': [ '2.0.1' ],
16 silly audit   'micromark-util-decode-numeric-character-reference': [ '2.0.2' ],
16 silly audit   'micromark-util-decode-string': [ '2.0.1' ],
16 silly audit   'micromark-util-encode': [ '2.0.1' ],
16 silly audit   'micromark-util-html-tag-name': [ '2.0.1' ],
16 silly audit   'micromark-util-normalize-identifier': [ '2.0.1' ],
16 silly audit   'micromark-util-resolve-all': [ '2.0.1' ],
16 silly audit   'micromark-util-sanitize-uri': [ '2.0.1' ],
16 silly audit   'micromark-util-subtokenize': [ '2.1.0' ],
16 silly audit   'micromark-util-symbol': [ '2.0.1' ],
16 silly audit   'micromark-util-types': [ '2.0.2' ],
16 silly audit   micromatch: [ '4.0.8' ],
16 silly audit   minimatch: [ '3.1.2', '9.0.5' ],
16 silly audit   minimist: [ '1.2.8' ],
16 silly audit   minizlib: [ '2.1.2' ],
16 silly audit   mkdirp: [ '1.0.4', '0.5.6' ],
16 silly audit   'monaco-editor': [ '0.53.0' ],
16 silly audit   'motion-dom': [ '11.18.1' ],
16 silly audit   'motion-utils': [ '11.18.1' ],
16 silly audit   ms: [ '2.1.3' ],
16 silly audit   multer: [ '2.0.2' ],
16 silly audit   'type-is': [ '1.6.18', '2.0.1' ],
16 silly audit   mz: [ '2.7.0' ],
16 silly audit   nan: [ '2.23.0' ],
16 silly audit   nanoid: [ '3.3.11' ],
16 silly audit   negotiator: [ '1.0.0' ],
16 silly audit   'node-fetch': [ '2.7.0' ],
16 silly audit   tr46: [ '0.0.3', '3.0.0' ],
16 silly audit   'webidl-conversions': [ '3.0.1', '7.0.0' ],
16 silly audit   'whatwg-url': [ '5.0.0', '11.0.0' ],
16 silly audit   'node-releases': [ '2.0.27' ],
16 silly audit   nopt: [ '5.0.0' ],
16 silly audit   'normalize-path': [ '3.0.0' ],
16 silly audit   'normalize-range': [ '0.1.2' ],
16 silly audit   'normalize-url': [ '6.1.0' ],
16 silly audit   npmlog: [ '5.0.1' ],
16 silly audit   nwsapi: [ '2.2.22' ],
16 silly audit   'object-assign': [ '4.1.1' ],
16 silly audit   'object-hash': [ '3.0.0' ],
16 silly audit   'object-inspect': [ '1.13.4' ],
16 silly audit   'object-keys': [ '1.1.1' ],
16 silly audit   'on-finished': [ '2.4.1' ],
16 silly audit   once: [ '1.4.0' ],
16 silly audit   'p-cancelable': [ '2.1.1' ],
16 silly audit   'package-json-from-dist': [ '1.0.1' ],
16 silly audit   pako: [ '1.0.11' ],
16 silly audit   paper: [ '0.12.18' ],
16 silly audit   'parse-entities': [ '4.0.2' ],
16 silly audit   parse5: [ '7.3.0' ],
16 silly audit   parseurl: [ '1.3.3' ],
16 silly audit   'path-is-absolute': [ '1.0.1' ],
16 silly audit   'path-key': [ '3.1.1' ],
16 silly audit   'path-parse': [ '1.0.7' ],
16 silly audit   'path-scurry': [ '1.11.1' ],
16 silly audit   'path-to-regexp': [ '8.3.0' ],
16 silly audit   pend: [ '1.2.0' ],
16 silly audit   picocolors: [ '1.1.1' ],
16 silly audit   pify: [ '2.3.0' ],
16 silly audit   pirates: [ '4.0.7' ],
16 silly audit   playwright: [ '1.56.1' ],
16 silly audit   'playwright-core': [ '1.56.1' ],
16 silly audit   postcss: [ '8.5.6' ],
16 silly audit   'postcss-import': [ '15.1.0' ],
16 silly audit   'postcss-js': [ '4.1.0' ],
16 silly audit   'postcss-load-config': [ '6.0.1' ],
16 silly audit   'postcss-nested': [ '6.2.0' ],
16 silly audit   'postcss-selector-parser': [ '6.1.2' ],
16 silly audit   'postcss-value-parser': [ '4.2.0' ],
16 silly audit   'process-nextick-args': [ '2.0.1' ],
16 silly audit   progress: [ '2.0.3' ],
16 silly audit   'property-information': [ '7.1.0' ],
16 silly audit   'proxy-addr': [ '2.0.7' ],
16 silly audit   psl: [ '1.15.0' ],
16 silly audit   pump: [ '3.0.3' ],
16 silly audit   punycode: [ '2.3.1' ],
16 silly audit   qs: [ '6.14.0' ],
16 silly audit   querystringify: [ '2.2.0' ],
16 silly audit   'queue-microtask': [ '1.2.3' ],
16 silly audit   'quick-lru': [ '5.1.1' ],
16 silly audit   'range-parser': [ '1.2.1' ],
16 silly audit   'raw-body': [ '3.0.1' ],
16 silly audit   react: [ '19.2.1' ],
16 silly audit   'react-dom': [ '19.2.1' ],
16 silly audit   'react-markdown': [ '9.1.0' ],
16 silly audit   'react-refresh': [ '0.17.0' ],
16 silly audit   'react-router': [ '7.9.5' ],
16 silly audit   'react-router-dom': [ '7.9.5' ],
16 silly audit   'read-cache': [ '1.0.0' ],
16 silly audit   'safe-buffer': [ '5.1.2', '5.2.1' ],
16 silly audit   readdirp: [ '3.6.0' ],
16 silly audit   'remark-parse': [ '11.0.0' ],
16 silly audit   'remark-rehype': [ '11.1.2' ],
16 silly audit   'requires-port': [ '1.0.0' ],
16 silly audit   resolve: [ '1.22.11' ],
16 silly audit   'resolve-alpn': [ '1.2.1' ],
16 silly audit   'resolve-pkg-maps': [ '1.0.0' ],
16 silly audit   responselike: [ '2.0.1' ],
16 silly audit   reusify: [ '1.1.0' ],
16 silly audit   rimraf: [ '3.0.2' ],
16 silly audit   roarr: [ '2.15.4' ],
16 silly audit   rollup: [ '4.52.5' ],
16 silly audit   router: [ '2.2.0' ],
16 silly audit   'run-parallel': [ '1.2.0' ],
16 silly audit   'safer-buffer': [ '2.1.2' ],
16 silly audit   saxes: [ '6.0.0' ],
16 silly audit   scheduler: [ '0.27.0' ],
16 silly audit   'semver-compare': [ '1.0.0' ],
16 silly audit   send: [ '1.2.0' ],
16 silly audit   'serialize-error': [ '7.0.1' ],
16 silly audit   'serve-static': [ '2.2.0' ],
16 silly audit   'set-blocking': [ '2.0.0' ],
16 silly audit   'set-cookie-parser': [ '2.7.2' ],
16 silly audit   setimmediate: [ '1.0.5' ],
16 silly audit   setprototypeof: [ '1.2.0' ],
16 silly audit   'shebang-command': [ '2.0.0' ],
16 silly audit   'shebang-regex': [ '3.0.0' ],
16 silly audit   'side-channel': [ '1.1.0' ],
16 silly audit   'side-channel-list': [ '1.0.0' ],
16 silly audit   'side-channel-map': [ '1.0.1' ],
16 silly audit   'side-channel-weakmap': [ '1.0.2' ],
16 silly audit   'simple-concat': [ '1.0.1' ],
16 silly audit   'simple-get': [ '3.1.1' ],
16 silly audit   'source-map': [ '0.6.1' ],
16 silly audit   'source-map-js': [ '1.2.1' ],
16 silly audit   'space-separated-tokens': [ '2.0.2' ],
16 silly audit   'sprintf-js': [ '1.1.3' ],
16 silly audit   'state-local': [ '1.0.7' ],
16 silly audit   streamsearch: [ '1.1.0' ],
16 silly audit   string_decoder: [ '1.1.1' ],
16 silly audit   'stringify-entities': [ '4.0.4' ],
16 silly audit   'style-to-js': [ '1.1.21' ],
16 silly audit   'style-to-object': [ '1.0.14' ],
16 silly audit   sucrase: [ '3.35.0' ],
16 silly audit   sumchecker: [ '3.0.1' ],
16 silly audit   'supports-preserve-symlinks-flag': [ '1.0.0' ],
16 silly audit   'svg-path-properties': [ '0.2.2' ],
16 silly audit   svgpath: [ '2.6.0' ],
16 silly audit   'symbol-tree': [ '3.2.4' ],
16 silly audit   tailwindcss: [ '3.4.18' ],
16 silly audit   tar: [ '6.2.1' ],
16 silly audit   thenify: [ '3.3.1' ],
16 silly audit   'thenify-all': [ '1.6.0' ],
16 silly audit   tinyglobby: [ '0.2.15' ],
16 silly audit   'to-regex-range': [ '5.0.1' ],
16 silly audit   toidentifier: [ '1.0.1' ],
16 silly audit   'topojson-client': [ '3.1.0' ],
16 silly audit   'tough-cookie': [ '4.1.4' ],
16 silly audit   'trim-lines': [ '3.0.1' ],
16 silly audit   trough: [ '2.2.0' ],
16 silly audit   'ts-interface-checker': [ '0.1.13' ],
16 silly audit   tslib: [ '2.8.1' ],
16 silly audit   tsx: [ '4.20.6' ],
16 silly audit   'type-fest': [ '0.13.1' ],
16 silly audit   typedarray: [ '0.0.6' ],
16 silly audit   typescript: [ '5.9.3' ],
16 silly audit   'undici-types': [ '6.21.0' ],
16 silly audit   unified: [ '11.0.5' ],
16 silly audit   'unist-util-is': [ '6.0.1' ],
16 silly audit   'unist-util-position': [ '5.0.0' ],
16 silly audit   'unist-util-stringify-position': [ '4.0.0' ],
16 silly audit   'unist-util-visit': [ '5.0.0' ],
16 silly audit   'unist-util-visit-parents': [ '6.0.2' ],
16 silly audit   unpipe: [ '1.0.0' ],
16 silly audit   'update-browserslist-db': [ '1.1.4' ],
16 silly audit   'url-parse': [ '1.5.10' ],
16 silly audit   'util-deprecate': [ '1.0.2' ],
16 silly audit   vary: [ '1.1.2' ],
16 silly audit   vfile: [ '6.0.3' ],
16 silly audit   'vfile-message': [ '4.0.3' ],
16 silly audit   vite: [ '7.3.1' ],
16 silly audit   'w3c-xmlserializer': [ '4.0.0' ],
16 silly audit   'whatwg-encoding': [ '2.0.0' ],
16 silly audit   'whatwg-mimetype': [ '3.0.0' ],
16 silly audit   which: [ '2.0.2' ],
16 silly audit   'wide-align': [ '1.1.5' ],
16 silly audit   'wrap-ansi': [ '8.1.0', '7.0.0' ],
16 silly audit   wrappy: [ '1.0.2' ],
16 silly audit   ws: [ '8.18.3' ],
16 silly audit   'xml-name-validator': [ '4.0.0' ],
16 silly audit   xmlchars: [ '2.2.0' ],
16 silly audit   xtend: [ '4.0.2' ],
16 silly audit   yauzl: [ '2.10.0' ],
16 silly audit   zod: [ '3.25.76' ],
16 silly audit   zustand: [ '5.0.10' ],
16 silly audit   zwitch: [ '2.0.4' ]
16 silly audit }
17 http cache yallist@https://registry.npmjs.org/yallist/-/yallist-4.0.0.tgz 0ms (cache hit)
18 http cache tar@https://registry.npmjs.org/tar/-/tar-6.2.1.tgz 0ms (cache hit)
19 http cache simple-concat@https://registry.npmjs.org/simple-concat/-/simple-concat-1.0.1.tgz 0ms (cache hit)
20 http cache wide-align@https://registry.npmjs.org/wide-align/-/wide-align-1.1.5.tgz 0ms (cache hit)
21 http cache simple-get@https://registry.npmjs.org/simple-get/-/simple-get-3.1.1.tgz 0ms (cache hit)
22 http cache signal-exit@https://registry.npmjs.org/signal-exit/-/signal-exit-3.0.7.tgz 0ms (cache hit)
23 http cache rimraf@https://registry.npmjs.org/rimraf/-/rimraf-3.0.2.tgz 0ms (cache hit)
24 http cache set-blocking@https://registry.npmjs.org/set-blocking/-/set-blocking-2.0.0.tgz 0ms (cache hit)
25 http cache npmlog@https://registry.npmjs.org/npmlog/-/npmlog-5.0.1.tgz 0ms (cache hit)
26 http cache nopt@https://registry.npmjs.org/nopt/-/nopt-5.0.0.tgz 0ms (cache hit)
27 http cache node-fetch@https://registry.npmjs.org/node-fetch/-/node-fetch-2.7.0.tgz 0ms (cache hit)
28 http cache path-is-absolute@https://registry.npmjs.org/path-is-absolute/-/path-is-absolute-1.0.1.tgz 0ms (cache hit)
29 http cache mkdirp@https://registry.npmjs.org/mkdirp/-/mkdirp-1.0.4.tgz 0ms (cache hit)
30 http cache minizlib@https://registry.npmjs.org/minizlib/-/minizlib-2.1.2.tgz 0ms (cache hit)
31 http cache minimatch@https://registry.npmjs.org/minimatch/-/minimatch-3.1.2.tgz 0ms (cache hit)
32 http cache nan@https://registry.npmjs.org/nan/-/nan-2.23.0.tgz 0ms (cache hit)
33 http cache mimic-response@https://registry.npmjs.org/mimic-response/-/mimic-response-2.1.0.tgz 0ms (cache hit)
34 http cache make-dir@https://registry.npmjs.org/make-dir/-/make-dir-3.1.0.tgz 0ms (cache hit)
35 http cache inflight@https://registry.npmjs.org/inflight/-/inflight-1.0.6.tgz 0ms (cache hit)
36 http cache has-unicode@https://registry.npmjs.org/has-unicode/-/has-unicode-2.0.1.tgz 0ms (cache hit)
37 http cache glob@https://registry.npmjs.org/glob/-/glob-7.2.3.tgz 0ms (cache hit)
38 http cache fs.realpath@https://registry.npmjs.org/fs.realpath/-/fs.realpath-1.0.0.tgz 0ms (cache hit)
39 http cache fs-minipass@https://registry.npmjs.org/fs-minipass/-/fs-minipass-2.1.0.tgz 0ms (cache hit)
40 http cache gauge@https://registry.npmjs.org/gauge/-/gauge-3.0.2.tgz 0ms (cache hit)
41 http cache detect-libc@https://registry.npmjs.org/detect-libc/-/detect-libc-2.1.2.tgz 0ms (cache hit)
42 http cache delegates@https://registry.npmjs.org/delegates/-/delegates-1.0.0.tgz 0ms (cache hit)
43 http cache decompress-response@https://registry.npmjs.org/decompress-response/-/decompress-response-4.2.1.tgz 0ms (cache hit)
44 http cache console-control-strings@https://registry.npmjs.org/console-control-strings/-/console-control-strings-1.1.0.tgz 0ms (cache hit)
45 http cache concat-map@https://registry.npmjs.org/concat-map/-/concat-map-0.0.1.tgz 0ms (cache hit)
46 http cache color-support@https://registry.npmjs.org/color-support/-/color-support-1.1.3.tgz 0ms (cache hit)
47 http cache chownr@https://registry.npmjs.org/chownr/-/chownr-2.0.0.tgz 0ms (cache hit)
48 http cache canvas@https://registry.npmjs.org/canvas/-/canvas-2.11.2.tgz 0ms (cache hit)
49 http cache brace-expansion@https://registry.npmjs.org/brace-expansion/-/brace-expansion-1.1.12.tgz 0ms (cache hit)
50 http cache are-we-there-yet@https://registry.npmjs.org/are-we-there-yet/-/are-we-there-yet-2.0.0.tgz 0ms (cache hit)
51 http cache aproba@https://registry.npmjs.org/aproba/-/aproba-2.1.0.tgz 0ms (cache hit)
52 http cache abbrev@https://registry.npmjs.org/abbrev/-/abbrev-1.1.1.tgz 0ms (cache hit)
53 http cache @mapbox/node-pre-gyp@https://registry.npmjs.org/@mapbox/node-pre-gyp/-/node-pre-gyp-1.0.11.tgz 0ms (cache hit)
54 http cache tr46@https://registry.npmjs.org/tr46/-/tr46-0.0.3.tgz 0ms (cache hit)
55 http cache whatwg-url@https://registry.npmjs.org/whatwg-url/-/whatwg-url-5.0.0.tgz 0ms (cache hit)
56 http cache webidl-conversions@https://registry.npmjs.org/webidl-conversions/-/webidl-conversions-3.0.1.tgz 0ms (cache hit)
57 http cache minipass@https://registry.npmjs.org/minipass/-/minipass-3.3.6.tgz 0ms (cache hit)
58 http cache semver@https://registry.npmjs.org/semver/-/semver-6.3.1.tgz 0ms (cache hit)
59 http cache minipass@https://registry.npmjs.org/minipass/-/minipass-3.3.6.tgz 0ms (cache hit)
60 http cache readable-stream@https://registry.npmjs.org/readable-stream/-/readable-stream-3.6.2.tgz 0ms (cache hit)
61 warn deprecated inflight@1.0.6: This module is not supported, and leaks memory. Do not use it. Check out lru-cache if you want a good and tested way to coalesce async requests by a key value, which is much more comprehensive and powerful.
62 warn deprecated npmlog@5.0.1: This package is no longer supported.
63 warn deprecated rimraf@3.0.2: Rimraf versions prior to v4 are no longer supported
64 warn deprecated glob@7.2.3: Glob versions prior to v9 are no longer supported
65 warn deprecated are-we-there-yet@2.0.0: This package is no longer supported.
66 warn deprecated gauge@3.0.2: This package is no longer supported.
67 info run canvas@2.11.2 install node_modules/canvas node-pre-gyp install --fallback-to-build --update-binary
68 http fetch POST 200 https://registry.npmjs.org/-/npm/v1/security/advisories/bulk 135ms
69 silly audit report {
69 silly audit report   'body-parser': [
69 silly audit report     {
69 silly audit report       id: 1110858,
69 silly audit report       url: 'https://github.com/advisories/GHSA-wqch-xfxh-vrr4',
69 silly audit report       title: 'body-parser is vulnerable to denial of service when url encoding is used',
69 silly audit report       severity: 'moderate',
69 silly audit report       vulnerable_versions: '>=2.2.0 <2.2.1',
69 silly audit report       cwe: [Array],
69 silly audit report       cvss: [Object]
69 silly audit report     }
69 silly audit report   ],
69 silly audit report   qs: [
69 silly audit report     {
69 silly audit report       id: 1111755,
69 silly audit report       url: 'https://github.com/advisories/GHSA-6rw7-vpxm-498p',
69 silly audit report       title: "qs's arrayLimit bypass in its bracket notation allows DoS via memory exhaustion",
69 silly audit report       severity: 'high',
69 silly audit report       vulnerable_versions: '<6.14.1',
69 silly audit report       cwe: [Array],
69 silly audit report       cvss: [Object]
69 silly audit report     }
69 silly audit report   ],
69 silly audit report   'react-router': [
69 silly audit report     {
69 silly audit report       id: 1112051,
69 silly audit report       url: 'https://github.com/advisories/GHSA-h5cw-625j-3rxh',
69 silly audit report       title: 'React Router has CSRF issue in Action/Server Action Request Processing',
69 silly audit report       severity: 'moderate',
69 silly audit report       vulnerable_versions: '>=7.0.0 <=7.11.0',
69 silly audit report       cwe: [Array],
69 silly audit report       cvss: [Object]
69 silly audit report     },
69 silly audit report     {
69 silly audit report       id: 1112053,
69 silly audit report       url: 'https://github.com/advisories/GHSA-2w69-qvjg-hvjx',
69 silly audit report       title: 'React Router vulnerable to XSS via Open Redirects',
69 silly audit report       severity: 'high',
69 silly audit report       vulnerable_versions: '>=7.0.0 <=7.11.0',
69 silly audit report       cwe: [Array],
69 silly audit report       cvss: [Object]
69 silly audit report     },
69 silly audit report     {
69 silly audit report       id: 1112055,
69 silly audit report       url: 'https://github.com/advisories/GHSA-8v8x-cx79-35w7',
69 silly audit report       title: 'React Router SSR XSS in ScrollRestoration',
69 silly audit report       severity: 'high',
69 silly audit report       vulnerable_versions: '>=7.0.0 <7.12.0',
69 silly audit report       cwe: [Array],
69 silly audit report       cvss: [Object]
69 silly audit report     },
69 silly audit report     {
69 silly audit report       id: 1112056,
69 silly audit report       url: 'https://github.com/advisories/GHSA-9jcx-v3wj-wh4m',
69 silly audit report       title: 'React Router has unexpected external redirect via untrusted paths',
69 silly audit report       severity: 'moderate',
69 silly audit report       vulnerable_versions: '>=7.0.0 <7.9.6',
69 silly audit report       cwe: [Array],
69 silly audit report       cvss: [Object]
69 silly audit report     }
69 silly audit report   ]
69 silly audit report }
70 silly packumentCache corgi:https://registry.npmjs.org/body-parser cache-miss
71 silly packumentCache corgi:https://registry.npmjs.org/qs cache-miss
72 silly packumentCache corgi:https://registry.npmjs.org/react-router cache-miss
73 http cache https://registry.npmjs.org/body-parser 5ms (cache hit)
74 silly packumentCache corgi:https://registry.npmjs.org/body-parser set size:77795 disposed:false
75 http cache https://registry.npmjs.org/qs 5ms (cache hit)
76 silly packumentCache corgi:https://registry.npmjs.org/qs set size:111251 disposed:false
77 http cache https://registry.npmjs.org/react-router 7ms (cache hit)
78 silly packumentCache corgi:https://registry.npmjs.org/react-router set size:1253038 disposed:false
79 silly packumentCache corgi:https://registry.npmjs.org/express cache-miss
80 http cache https://registry.npmjs.org/express 2ms (cache hit)
81 silly packumentCache corgi:https://registry.npmjs.org/express set size:337735 disposed:false
82 silly packumentCache corgi:https://registry.npmjs.org/react-router-dom cache-miss
83 http cache https://registry.npmjs.org/react-router-dom 1ms (cache hit)
84 silly packumentCache corgi:https://registry.npmjs.org/react-router-dom set size:1000138 disposed:false
85 info run canvas@2.11.2 install { code: 1, signal: null }
86 verbose reify failed optional dependency /Users/extrepa/Projects/errl-portal/node_modules/canvas
87 silly reify mark deleted [ '/Users/extrepa/Projects/errl-portal/node_modules/canvas' ]
88 verbose reify failed optional dependency /Users/extrepa/Projects/errl-portal/node_modules/@mapbox/node-pre-gyp
89 silly reify mark deleted [
89 silly reify   '/Users/extrepa/Projects/errl-portal/node_modules/@mapbox/node-pre-gyp',
89 silly reify   '/Users/extrepa/Projects/errl-portal/node_modules/.bin/node-pre-gyp'
89 silly reify ]
90 verbose reify failed optional dependency /Users/extrepa/Projects/errl-portal/node_modules/nan
91 silly reify mark deleted [ '/Users/extrepa/Projects/errl-portal/node_modules/nan' ]
92 verbose reify failed optional dependency /Users/extrepa/Projects/errl-portal/node_modules/simple-get
93 silly reify mark deleted [ '/Users/extrepa/Projects/errl-portal/node_modules/simple-get' ]
94 verbose reify failed optional dependency /Users/extrepa/Projects/errl-portal/node_modules/detect-libc
95 silly reify mark deleted [ '/Users/extrepa/Projects/errl-portal/node_modules/detect-libc' ]
96 verbose reify failed optional dependency /Users/extrepa/Projects/errl-portal/node_modules/make-dir
97 silly reify mark deleted [ '/Users/extrepa/Projects/errl-portal/node_modules/make-dir' ]
98 verbose reify failed optional dependency /Users/extrepa/Projects/errl-portal/node_modules/node-fetch
99 silly reify mark deleted [ '/Users/extrepa/Projects/errl-portal/node_modules/node-fetch' ]
100 verbose reify failed optional dependency /Users/extrepa/Projects/errl-portal/node_modules/nopt
101 silly reify mark deleted [
101 silly reify   '/Users/extrepa/Projects/errl-portal/node_modules/nopt',
101 silly reify   '/Users/extrepa/Projects/errl-portal/node_modules/.bin/nopt'
101 silly reify ]
102 verbose reify failed optional dependency /Users/extrepa/Projects/errl-portal/node_modules/npmlog
103 silly reify mark deleted [ '/Users/extrepa/Projects/errl-portal/node_modules/npmlog' ]
104 verbose reify failed optional dependency /Users/extrepa/Projects/errl-portal/node_modules/rimraf
105 silly reify mark deleted [
105 silly reify   '/Users/extrepa/Projects/errl-portal/node_modules/rimraf',
105 silly reify   '/Users/extrepa/Projects/errl-portal/node_modules/.bin/rimraf'
105 silly reify ]
106 verbose reify failed optional dependency /Users/extrepa/Projects/errl-portal/node_modules/tar
107 silly reify mark deleted [ '/Users/extrepa/Projects/errl-portal/node_modules/tar' ]
108 verbose reify failed optional dependency /Users/extrepa/Projects/errl-portal/node_modules/decompress-response
109 silly reify mark deleted [
109 silly reify   '/Users/extrepa/Projects/errl-portal/node_modules/decompress-response'
109 silly reify ]
110 verbose reify failed optional dependency /Users/extrepa/Projects/errl-portal/node_modules/simple-concat
111 silly reify mark deleted [ '/Users/extrepa/Projects/errl-portal/node_modules/simple-concat' ]
112 verbose reify failed optional dependency /Users/extrepa/Projects/errl-portal/node_modules/make-dir/node_modules/semver
113 silly reify mark deleted [
113 silly reify   '/Users/extrepa/Projects/errl-portal/node_modules/make-dir/node_modules/semver',
113 silly reify   '/Users/extrepa/Projects/errl-portal/node_modules/make-dir/node_modules/.bin/semver'
113 silly reify ]
114 verbose reify failed optional dependency /Users/extrepa/Projects/errl-portal/node_modules/node-fetch/node_modules/whatwg-url
115 silly reify mark deleted [
115 silly reify   '/Users/extrepa/Projects/errl-portal/node_modules/node-fetch/node_modules/whatwg-url'
115 silly reify ]
116 verbose reify failed optional dependency /Users/extrepa/Projects/errl-portal/node_modules/abbrev
117 silly reify mark deleted [ '/Users/extrepa/Projects/errl-portal/node_modules/abbrev' ]
118 verbose reify failed optional dependency /Users/extrepa/Projects/errl-portal/node_modules/are-we-there-yet
119 silly reify mark deleted [ '/Users/extrepa/Projects/errl-portal/node_modules/are-we-there-yet' ]
120 verbose reify failed optional dependency /Users/extrepa/Projects/errl-portal/node_modules/console-control-strings
121 silly reify mark deleted [
121 silly reify   '/Users/extrepa/Projects/errl-portal/node_modules/console-control-strings'
121 silly reify ]
122 verbose reify failed optional dependency /Users/extrepa/Projects/errl-portal/node_modules/gauge
123 silly reify mark deleted [ '/Users/extrepa/Projects/errl-portal/node_modules/gauge' ]
124 verbose reify failed optional dependency /Users/extrepa/Projects/errl-portal/node_modules/set-blocking
125 silly reify mark deleted [ '/Users/extrepa/Projects/errl-portal/node_modules/set-blocking' ]
126 verbose reify failed optional dependency /Users/extrepa/Projects/errl-portal/node_modules/glob
127 silly reify mark deleted [ '/Users/extrepa/Projects/errl-portal/node_modules/glob' ]
128 verbose reify failed optional dependency /Users/extrepa/Projects/errl-portal/node_modules/chownr
129 silly reify mark deleted [ '/Users/extrepa/Projects/errl-portal/node_modules/chownr' ]
130 verbose reify failed optional dependency /Users/extrepa/Projects/errl-portal/node_modules/fs-minipass
131 silly reify mark deleted [ '/Users/extrepa/Projects/errl-portal/node_modules/fs-minipass' ]
132 verbose reify failed optional dependency /Users/extrepa/Projects/errl-portal/node_modules/minizlib
133 silly reify mark deleted [ '/Users/extrepa/Projects/errl-portal/node_modules/minizlib' ]
134 verbose reify failed optional dependency /Users/extrepa/Projects/errl-portal/node_modules/mkdirp
135 silly reify mark deleted [
135 silly reify   '/Users/extrepa/Projects/errl-portal/node_modules/mkdirp',
135 silly reify   '/Users/extrepa/Projects/errl-portal/node_modules/.bin/mkdirp'
135 silly reify ]
136 verbose reify failed optional dependency /Users/extrepa/Projects/errl-portal/node_modules/yallist
137 silly reify mark deleted [ '/Users/extrepa/Projects/errl-portal/node_modules/yallist' ]
138 verbose reify failed optional dependency /Users/extrepa/Projects/errl-portal/node_modules/mimic-response
139 silly reify mark deleted [ '/Users/extrepa/Projects/errl-portal/node_modules/mimic-response' ]
140 verbose reify failed optional dependency /Users/extrepa/Projects/errl-portal/node_modules/node-fetch/node_modules/tr46
141 silly reify mark deleted [
141 silly reify   '/Users/extrepa/Projects/errl-portal/node_modules/node-fetch/node_modules/tr46'
141 silly reify ]
142 verbose reify failed optional dependency /Users/extrepa/Projects/errl-portal/node_modules/node-fetch/node_modules/webidl-conversions
143 silly reify mark deleted [
143 silly reify   '/Users/extrepa/Projects/errl-portal/node_modules/node-fetch/node_modules/webidl-conversions'
143 silly reify ]
144 verbose reify failed optional dependency /Users/extrepa/Projects/errl-portal/node_modules/delegates
145 silly reify mark deleted [ '/Users/extrepa/Projects/errl-portal/node_modules/delegates' ]
146 verbose reify failed optional dependency /Users/extrepa/Projects/errl-portal/node_modules/are-we-there-yet/node_modules/readable-stream
147 silly reify mark deleted [
147 silly reify   '/Users/extrepa/Projects/errl-portal/node_modules/are-we-there-yet/node_modules/readable-stream'
147 silly reify ]
148 verbose reify failed optional dependency /Users/extrepa/Projects/errl-portal/node_modules/aproba
149 silly reify mark deleted [ '/Users/extrepa/Projects/errl-portal/node_modules/aproba' ]
150 verbose reify failed optional dependency /Users/extrepa/Projects/errl-portal/node_modules/color-support
151 silly reify mark deleted [
151 silly reify   '/Users/extrepa/Projects/errl-portal/node_modules/color-support',
151 silly reify   '/Users/extrepa/Projects/errl-portal/node_modules/.bin/color-support'
151 silly reify ]
152 verbose reify failed optional dependency /Users/extrepa/Projects/errl-portal/node_modules/has-unicode
153 silly reify mark deleted [ '/Users/extrepa/Projects/errl-portal/node_modules/has-unicode' ]
154 verbose reify failed optional dependency /Users/extrepa/Projects/errl-portal/node_modules/signal-exit
155 silly reify mark deleted [ '/Users/extrepa/Projects/errl-portal/node_modules/signal-exit' ]
156 verbose reify failed optional dependency /Users/extrepa/Projects/errl-portal/node_modules/wide-align
157 silly reify mark deleted [ '/Users/extrepa/Projects/errl-portal/node_modules/wide-align' ]
158 verbose reify failed optional dependency /Users/extrepa/Projects/errl-portal/node_modules/fs.realpath
159 silly reify mark deleted [ '/Users/extrepa/Projects/errl-portal/node_modules/fs.realpath' ]
160 verbose reify failed optional dependency /Users/extrepa/Projects/errl-portal/node_modules/inflight
161 silly reify mark deleted [ '/Users/extrepa/Projects/errl-portal/node_modules/inflight' ]
162 verbose reify failed optional dependency /Users/extrepa/Projects/errl-portal/node_modules/minimatch
163 silly reify mark deleted [ '/Users/extrepa/Projects/errl-portal/node_modules/minimatch' ]
164 verbose reify failed optional dependency /Users/extrepa/Projects/errl-portal/node_modules/path-is-absolute
165 silly reify mark deleted [ '/Users/extrepa/Projects/errl-portal/node_modules/path-is-absolute' ]
166 verbose reify failed optional dependency /Users/extrepa/Projects/errl-portal/node_modules/fs-minipass/node_modules/minipass
167 silly reify mark deleted [
167 silly reify   '/Users/extrepa/Projects/errl-portal/node_modules/fs-minipass/node_modules/minipass'
167 silly reify ]
168 verbose reify failed optional dependency /Users/extrepa/Projects/errl-portal/node_modules/minizlib/node_modules/minipass
169 silly reify mark deleted [
169 silly reify   '/Users/extrepa/Projects/errl-portal/node_modules/minizlib/node_modules/minipass'
169 silly reify ]
170 verbose reify failed optional dependency /Users/extrepa/Projects/errl-portal/node_modules/brace-expansion
171 silly reify mark deleted [ '/Users/extrepa/Projects/errl-portal/node_modules/brace-expansion' ]
172 verbose reify failed optional dependency /Users/extrepa/Projects/errl-portal/node_modules/concat-map
173 silly reify mark deleted [ '/Users/extrepa/Projects/errl-portal/node_modules/concat-map' ]
174 silly ADD
175 silly ADD
176 silly ADD
177 silly ADD
178 silly ADD
179 silly ADD
180 silly ADD
181 silly ADD
182 silly ADD
183 silly ADD
184 silly ADD
185 silly ADD
186 silly ADD node_modules/whatwg-url
187 silly ADD node_modules/webidl-conversions
188 silly ADD node_modules/tr46
189 silly ADD
190 silly ADD
191 silly ADD
192 silly ADD node_modules/minipass
193 silly ADD
194 silly ADD
195 silly ADD
196 silly ADD node_modules/semver
197 silly ADD
198 silly ADD
199 silly ADD
200 silly ADD
201 silly ADD
202 silly ADD
203 silly ADD node_modules/minipass
204 silly ADD
205 silly ADD
206 silly ADD
207 silly ADD
208 silly ADD
209 silly ADD
210 silly ADD
211 silly ADD
212 silly ADD
213 silly ADD
214 silly ADD node_modules/readable-stream
215 silly ADD
216 silly ADD
217 silly ADD
218 verbose cwd /Users/extrepa/Projects/errl-portal
219 verbose os Darwin 25.2.0
220 verbose node v25.2.1
221 verbose npm  v11.7.0
222 verbose exit 0
223 info ok
