0 verbose cli /opt/homebrew/Cellar/node/25.2.1/bin/node /opt/homebrew/bin/npm
1 info using npm@11.7.0
2 info using node@v25.2.1
3 silly config load:file:/opt/homebrew/lib/node_modules/npm/npmrc
4 silly config load:file:/Users/extrepa/Projects/errl-portal/.npmrc
5 silly config load:file:/Users/extrepa/.npmrc
6 silly config load:file:/opt/homebrew/etc/npmrc
7 verbose title npm install
8 verbose argv "install"
9 verbose logfile logs-max:10 dir:/Users/extrepa/Projects/errl-portal/.npm-logs/2026-01-14T06_27_38_762Z-
10 verbose logfile /Users/extrepa/Projects/errl-portal/.npm-logs/2026-01-14T06_27_38_762Z-debug-0.log
11 silly logfile start cleaning logs, removing 1 files
12 silly packumentCache heap:4496293888 maxSize:1124073472 maxEntrySize:562036736
13 silly logfile done cleaning log files
14 silly idealTree buildDeps
15 silly fetch manifest framer-motion@^10.16.16
16 silly packumentCache full:https://registry.npmjs.org/framer-motion cache-miss
17 http fetch GET 200 https://registry.npmjs.org/framer-motion 187ms (cache miss)
18 silly packumentCache full:https://registry.npmjs.org/framer-motion set size:undefined disposed:false
19 silly fetch manifest react@^19.2.1
20 silly packumentCache full:https://registry.npmjs.org/react cache-miss
21 http fetch GET 200 https://registry.npmjs.org/react 107ms (cache updated)
22 silly packumentCache full:https://registry.npmjs.org/react set size:undefined disposed:false
23 silly fetch manifest react@^18.0.0
24 silly packumentCache full:https://registry.npmjs.org/react cache-miss
25 http cache https://registry.npmjs.org/react 6ms (cache hit)
26 silly packumentCache full:https://registry.npmjs.org/react set size:6374482 disposed:false
27 silly fetch manifest react-dom@^19.2.1
28 silly packumentCache full:https://registry.npmjs.org/react-dom cache-miss
29 http fetch GET 200 https://registry.npmjs.org/react-dom 116ms (cache miss)
30 silly packumentCache full:https://registry.npmjs.org/react-dom set size:undefined disposed:false
31 silly fetch manifest react-dom@^18.0.0
32 silly packumentCache full:https://registry.npmjs.org/react-dom cache-miss
33 http cache https://registry.npmjs.org/react-dom 7ms (cache hit)
34 silly packumentCache full:https://registry.npmjs.org/react-dom set size:8395587 disposed:false
35 silly fetch manifest zustand@^5.0.8
36 silly packumentCache full:https://registry.npmjs.org/zustand cache-miss
37 http fetch GET 200 https://registry.npmjs.org/zustand 37ms (cache miss)
38 silly packumentCache full:https://registry.npmjs.org/zustand set size:undefined disposed:false
39 silly fetch manifest @types/react@^19.2.7
40 silly packumentCache full:https://registry.npmjs.org/@types%2freact cache-miss
41 http fetch GET 200 https://registry.npmjs.org/@types%2freact 35ms (cache revalidated)
42 silly packumentCache full:https://registry.npmjs.org/@types%2freact set size:2546526 disposed:false
43 silly fetch manifest immer@>=9.0.6
44 silly packumentCache full:https://registry.npmjs.org/immer cache-miss
45 http fetch GET 200 https://registry.npmjs.org/immer 32ms (cache miss)
46 silly packumentCache full:https://registry.npmjs.org/immer set size:undefined disposed:false
47 silly fetch manifest use-sync-external-store@>=1.2.0
48 silly packumentCache full:https://registry.npmjs.org/use-sync-external-store cache-miss
49 http fetch GET 200 https://registry.npmjs.org/use-sync-external-store 86ms (cache miss)
50 silly packumentCache full:https://registry.npmjs.org/use-sync-external-store set size:undefined disposed:false
51 silly fetch manifest paper@^0.12.18
52 silly packumentCache full:https://registry.npmjs.org/paper cache-miss
53 http fetch GET 200 https://registry.npmjs.org/paper 44ms (cache miss)
54 silly packumentCache full:https://registry.npmjs.org/paper set size:undefined disposed:false
55 silly fetch manifest @types/paper@^0.12.0
56 silly packumentCache full:https://registry.npmjs.org/@types%2fpaper cache-miss
57 http fetch GET 200 https://registry.npmjs.org/@types%2fpaper 67ms (cache miss)
58 silly packumentCache full:https://registry.npmjs.org/@types%2fpaper set size:undefined disposed:false
59 silly fetch manifest @vitejs/plugin-react@^4.3.2
60 silly packumentCache full:https://registry.npmjs.org/@vitejs%2fplugin-react cache-miss
61 http fetch GET 200 https://registry.npmjs.org/@vitejs%2fplugin-react 55ms (cache miss)
62 silly packumentCache full:https://registry.npmjs.org/@vitejs%2fplugin-react set size:undefined disposed:false
63 silly fetch manifest vite@^7.2.4
64 silly packumentCache full:https://registry.npmjs.org/vite cache-miss
65 http fetch GET 200 https://registry.npmjs.org/vite 68ms (cache revalidated)
66 silly packumentCache full:https://registry.npmjs.org/vite set size:38684452 disposed:false
67 silly fetch manifest @types/node@^20.11.30
68 silly packumentCache full:https://registry.npmjs.org/@types%2fnode cache-miss
69 http fetch GET 200 https://registry.npmjs.org/@types%2fnode 131ms (cache updated)
70 silly packumentCache full:https://registry.npmjs.org/@types%2fnode set size:undefined disposed:false
71 silly fetch manifest jiti@>=1.21.0
72 silly packumentCache full:https://registry.npmjs.org/jiti cache-miss
73 http fetch GET 200 https://registry.npmjs.org/jiti 34ms (cache revalidated)
74 silly packumentCache full:https://registry.npmjs.org/jiti set size:382310 disposed:false
75 silly fetch manifest less@^4.0.0
76 silly packumentCache full:https://registry.npmjs.org/less cache-miss
77 http fetch GET 200 https://registry.npmjs.org/less 31ms (cache revalidated)
78 silly packumentCache full:https://registry.npmjs.org/less set size:430648 disposed:false
79 silly fetch manifest lightningcss@^1.21.0
80 silly packumentCache full:https://registry.npmjs.org/lightningcss cache-miss
81 http fetch GET 200 https://registry.npmjs.org/lightningcss 34ms (cache revalidated)
82 silly packumentCache full:https://registry.npmjs.org/lightningcss set size:173815 disposed:false
83 silly fetch manifest sass@^1.70.0
84 silly packumentCache full:https://registry.npmjs.org/sass cache-miss
85 http fetch GET 200 https://registry.npmjs.org/sass 31ms (cache revalidated)
86 silly packumentCache full:https://registry.npmjs.org/sass set size:719969 disposed:false
87 silly fetch manifest sass-embedded@^1.70.0
88 silly packumentCache full:https://registry.npmjs.org/sass-embedded cache-miss
89 http fetch GET 200 https://registry.npmjs.org/sass-embedded 32ms (cache revalidated)
90 silly packumentCache full:https://registry.npmjs.org/sass-embedded set size:403302 disposed:false
91 silly fetch manifest stylus@>=0.54.8
92 silly packumentCache full:https://registry.npmjs.org/stylus cache-miss
93 http fetch GET 200 https://registry.npmjs.org/stylus 30ms (cache revalidated)
94 silly packumentCache full:https://registry.npmjs.org/stylus set size:286766 disposed:false
95 silly fetch manifest sugarss@^5.0.0
96 silly packumentCache full:https://registry.npmjs.org/sugarss cache-miss
97 http fetch GET 200 https://registry.npmjs.org/sugarss 32ms (cache revalidated)
98 silly packumentCache full:https://registry.npmjs.org/sugarss set size:44975 disposed:false
99 silly fetch manifest postcss@^8.3.3
100 silly packumentCache full:https://registry.npmjs.org/postcss cache-miss
101 http fetch GET 200 https://registry.npmjs.org/postcss 43ms (cache revalidated)
102 silly packumentCache full:https://registry.npmjs.org/postcss set size:696248 disposed:false
103 silly fetch manifest terser@^5.16.0
104 silly packumentCache full:https://registry.npmjs.org/terser cache-miss
105 http fetch GET 200 https://registry.npmjs.org/terser 33ms (cache revalidated)
106 silly packumentCache full:https://registry.npmjs.org/terser set size:780033 disposed:false
107 silly fetch manifest tsx@^4.19.2
108 silly packumentCache full:https://registry.npmjs.org/tsx cache-miss
109 http fetch GET 200 https://registry.npmjs.org/tsx 34ms (cache revalidated)
110 silly packumentCache full:https://registry.npmjs.org/tsx set size:289592 disposed:false
111 silly fetch manifest yaml@^2.4.2
112 silly packumentCache full:https://registry.npmjs.org/yaml cache-miss
113 http fetch GET 200 https://registry.npmjs.org/yaml 44ms (cache revalidated)
114 silly packumentCache full:https://registry.npmjs.org/yaml set size:364997 disposed:false
115 silly placeDep ROOT @types/paper@0.12.3 OK for: errl-portal@0.0.1 want: ^0.12.0
116 silly placeDep ROOT @vitejs/plugin-react@4.7.0 OK for: errl-portal@0.0.1 want: ^4.3.2
117 silly placeDep ROOT framer-motion@10.18.0 OK for: errl-portal@0.0.1 want: ^10.16.16
118 silly placeDep ROOT paper@0.12.18 OK for: errl-portal@0.0.1 want: ^0.12.18
119 silly placeDep ROOT zustand@5.0.10 OK for: errl-portal@0.0.1 want: ^5.0.8
120 silly fetch manifest paper@*
121 silly packumentCache full:https://registry.npmjs.org/paper cache-miss
122 silly fetch manifest @babel/core@^7.28.0
123 silly packumentCache full:https://registry.npmjs.org/@babel%2fcore cache-miss
124 silly fetch manifest react-refresh@^0.17.0
125 silly packumentCache full:https://registry.npmjs.org/react-refresh cache-miss
126 silly fetch manifest @types/babel__core@^7.20.5
127 silly packumentCache full:https://registry.npmjs.org/@types%2fbabel__core cache-miss
128 silly fetch manifest @rolldown/pluginutils@1.0.0-beta.27
129 silly packumentCache full:https://registry.npmjs.org/@rolldown%2fpluginutils cache-miss
130 silly fetch manifest @babel/plugin-transform-react-jsx-self@^7.27.1
131 silly packumentCache full:https://registry.npmjs.org/@babel%2fplugin-transform-react-jsx-self cache-miss
132 silly fetch manifest @babel/plugin-transform-react-jsx-source@^7.27.1
133 silly packumentCache full:https://registry.npmjs.org/@babel%2fplugin-transform-react-jsx-source cache-miss
134 silly fetch manifest tslib@^2.4.0
135 silly packumentCache full:https://registry.npmjs.org/tslib cache-miss
136 silly fetch manifest @emotion/is-prop-valid@^0.8.2
137 silly packumentCache full:https://registry.npmjs.org/@emotion%2fis-prop-valid cache-miss
138 http cache https://registry.npmjs.org/paper 6ms (cache hit)
139 silly packumentCache full:https://registry.npmjs.org/paper set size:154511 disposed:false
140 http fetch GET 200 https://registry.npmjs.org/@babel%2fcore 49ms (cache miss)
141 silly packumentCache full:https://registry.npmjs.org/@babel%2fcore set size:undefined disposed:false
142 http fetch GET 200 https://registry.npmjs.org/@emotion%2fis-prop-valid 106ms (cache miss)
143 silly packumentCache full:https://registry.npmjs.org/@emotion%2fis-prop-valid set size:undefined disposed:false
144 http fetch GET 200 https://registry.npmjs.org/tslib 109ms (cache miss)
145 silly packumentCache full:https://registry.npmjs.org/tslib set size:undefined disposed:false
146 http fetch GET 200 https://registry.npmjs.org/@babel%2fplugin-transform-react-jsx-source 110ms (cache miss)
147 silly packumentCache full:https://registry.npmjs.org/@babel%2fplugin-transform-react-jsx-source set size:undefined disposed:false
148 http fetch GET 200 https://registry.npmjs.org/@types%2fbabel__core 116ms (cache miss)
149 silly packumentCache full:https://registry.npmjs.org/@types%2fbabel__core set size:undefined disposed:false
150 http fetch GET 200 https://registry.npmjs.org/@rolldown%2fpluginutils 116ms (cache miss)
151 silly packumentCache full:https://registry.npmjs.org/@rolldown%2fpluginutils set size:undefined disposed:false
152 http fetch GET 200 https://registry.npmjs.org/@babel%2fplugin-transform-react-jsx-self 120ms (cache miss)
153 silly packumentCache full:https://registry.npmjs.org/@babel%2fplugin-transform-react-jsx-self set size:undefined disposed:false
154 http fetch GET 200 https://registry.npmjs.org/react-refresh 162ms (cache miss)
155 silly packumentCache full:https://registry.npmjs.org/react-refresh set size:undefined disposed:false
156 silly placeDep ROOT @babel/core@7.28.6 OK for: @vitejs/plugin-react@4.7.0 want: ^7.28.0
157 silly placeDep ROOT @babel/plugin-transform-react-jsx-self@7.27.1 OK for: @vitejs/plugin-react@4.7.0 want: ^7.27.1
158 silly placeDep ROOT @babel/plugin-transform-react-jsx-source@7.27.1 OK for: @vitejs/plugin-react@4.7.0 want: ^7.27.1
159 silly placeDep ROOT @rolldown/pluginutils@1.0.0-beta.27 OK for: @vitejs/plugin-react@4.7.0 want: 1.0.0-beta.27
160 silly placeDep ROOT @types/babel__core@7.20.5 OK for: @vitejs/plugin-react@4.7.0 want: ^7.20.5
161 silly placeDep ROOT react-refresh@0.17.0 OK for: @vitejs/plugin-react@4.7.0 want: ^0.17.0
162 silly fetch manifest @babel/code-frame@^7.28.6
163 silly packumentCache full:https://registry.npmjs.org/@babel%2fcode-frame cache-miss
164 silly fetch manifest @babel/generator@^7.28.6
165 silly packumentCache full:https://registry.npmjs.org/@babel%2fgenerator cache-miss
166 silly fetch manifest @babel/helper-compilation-targets@^7.28.6
167 silly packumentCache full:https://registry.npmjs.org/@babel%2fhelper-compilation-targets cache-miss
168 silly fetch manifest @babel/helper-module-transforms@^7.28.6
169 silly packumentCache full:https://registry.npmjs.org/@babel%2fhelper-module-transforms cache-miss
170 silly fetch manifest @babel/helpers@^7.28.6
171 silly packumentCache full:https://registry.npmjs.org/@babel%2fhelpers cache-miss
172 silly fetch manifest @babel/parser@^7.28.6
173 silly packumentCache full:https://registry.npmjs.org/@babel%2fparser cache-miss
174 silly fetch manifest @babel/template@^7.28.6
175 silly packumentCache full:https://registry.npmjs.org/@babel%2ftemplate cache-miss
176 silly fetch manifest @babel/traverse@^7.28.6
177 silly packumentCache full:https://registry.npmjs.org/@babel%2ftraverse cache-miss
178 silly fetch manifest @babel/types@^7.28.6
179 silly packumentCache full:https://registry.npmjs.org/@babel%2ftypes cache-miss
180 silly fetch manifest @jridgewell/remapping@^2.3.5
181 silly packumentCache full:https://registry.npmjs.org/@jridgewell%2fremapping cache-miss
182 silly fetch manifest convert-source-map@^2.0.0
183 silly packumentCache full:https://registry.npmjs.org/convert-source-map cache-miss
184 silly fetch manifest gensync@^1.0.0-beta.2
185 silly packumentCache full:https://registry.npmjs.org/gensync cache-miss
186 silly fetch manifest json5@^2.2.3
187 silly packumentCache full:https://registry.npmjs.org/json5 cache-miss
188 silly fetch manifest semver@^6.3.1
189 silly packumentCache full:https://registry.npmjs.org/semver cache-miss
190 silly fetch manifest @babel/helper-plugin-utils@^7.27.1
191 silly packumentCache full:https://registry.npmjs.org/@babel%2fhelper-plugin-utils cache-miss
192 http fetch GET 200 https://registry.npmjs.org/@babel%2ftemplate 81ms (cache miss)
193 silly packumentCache full:https://registry.npmjs.org/@babel%2ftemplate set size:undefined disposed:false
194 silly fetch manifest @babel/helper-plugin-utils@^7.27.1
195 silly packumentCache full:https://registry.npmjs.org/@babel%2fhelper-plugin-utils cache-miss
196 http fetch GET 200 https://registry.npmjs.org/@babel%2fhelper-compilation-targets 83ms (cache miss)
197 silly packumentCache full:https://registry.npmjs.org/@babel%2fhelper-compilation-targets set size:undefined disposed:false
198 silly fetch manifest @babel/types@^7.20.7
199 silly packumentCache full:https://registry.npmjs.org/@babel%2ftypes cache-miss
200 http fetch GET 200 https://registry.npmjs.org/@babel%2fhelper-module-transforms 85ms (cache miss)
201 silly packumentCache full:https://registry.npmjs.org/@babel%2fhelper-module-transforms set size:undefined disposed:false
202 silly fetch manifest @babel/parser@^7.20.7
203 silly packumentCache full:https://registry.npmjs.org/@babel%2fparser cache-miss
204 http fetch GET 200 https://registry.npmjs.org/@babel%2fcode-frame 88ms (cache miss)
205 silly packumentCache full:https://registry.npmjs.org/@babel%2fcode-frame set size:undefined disposed:false
206 silly fetch manifest @types/babel__template@*
207 silly packumentCache full:https://registry.npmjs.org/@types%2fbabel__template cache-miss
208 http fetch GET 200 https://registry.npmjs.org/@babel%2fgenerator 93ms (cache miss)
209 silly packumentCache full:https://registry.npmjs.org/@babel%2fgenerator set size:undefined disposed:false
210 silly fetch manifest @types/babel__traverse@*
211 silly packumentCache full:https://registry.npmjs.org/@types%2fbabel__traverse cache-miss
212 http fetch GET 200 https://registry.npmjs.org/convert-source-map 95ms (cache miss)
213 silly packumentCache full:https://registry.npmjs.org/convert-source-map set size:undefined disposed:false
214 silly fetch manifest @types/babel__generator@*
215 silly packumentCache full:https://registry.npmjs.org/@types%2fbabel__generator cache-miss
216 http fetch GET 200 https://registry.npmjs.org/@babel%2ftraverse 95ms (cache miss)
217 silly packumentCache full:https://registry.npmjs.org/@babel%2ftraverse set size:undefined disposed:false
218 http fetch GET 200 https://registry.npmjs.org/@babel%2fhelpers 98ms (cache miss)
219 silly packumentCache full:https://registry.npmjs.org/@babel%2fhelpers set size:undefined disposed:false
220 http fetch GET 200 https://registry.npmjs.org/@babel%2fparser 100ms (cache miss)
221 silly packumentCache full:https://registry.npmjs.org/@babel%2fparser set size:undefined disposed:false
222 http fetch GET 200 https://registry.npmjs.org/@jridgewell%2fremapping 102ms (cache miss)
223 silly packumentCache full:https://registry.npmjs.org/@jridgewell%2fremapping set size:undefined disposed:false
224 http fetch GET 200 https://registry.npmjs.org/semver 103ms (cache miss)
225 silly packumentCache full:https://registry.npmjs.org/semver set size:undefined disposed:false
226 http fetch GET 200 https://registry.npmjs.org/gensync 107ms (cache miss)
227 silly packumentCache full:https://registry.npmjs.org/gensync set size:undefined disposed:false
228 http fetch GET 200 https://registry.npmjs.org/json5 112ms (cache miss)
229 silly packumentCache full:https://registry.npmjs.org/json5 set size:undefined disposed:false
230 http fetch GET 200 https://registry.npmjs.org/@babel%2ftypes 113ms (cache miss)
231 silly packumentCache full:https://registry.npmjs.org/@babel%2ftypes set size:undefined disposed:false
232 http fetch GET 200 https://registry.npmjs.org/@babel%2fhelper-plugin-utils 41ms (cache miss)
233 silly packumentCache full:https://registry.npmjs.org/@babel%2fhelper-plugin-utils set size:undefined disposed:false
234 http fetch GET 200 https://registry.npmjs.org/@babel%2ftypes 45ms (cache miss)
235 silly packumentCache full:https://registry.npmjs.org/@babel%2ftypes set size:undefined disposed:false
236 http fetch GET 200 https://registry.npmjs.org/@babel%2fparser 47ms (cache miss)
237 silly packumentCache full:https://registry.npmjs.org/@babel%2fparser set size:undefined disposed:false
238 http fetch GET 200 https://registry.npmjs.org/@types%2fbabel__template 48ms (cache miss)
239 silly packumentCache full:https://registry.npmjs.org/@types%2fbabel__template set size:undefined disposed:false
240 http fetch GET 200 https://registry.npmjs.org/@babel%2fhelper-plugin-utils 136ms (cache miss)
241 silly packumentCache full:https://registry.npmjs.org/@babel%2fhelper-plugin-utils set size:undefined disposed:false
242 http fetch GET 200 https://registry.npmjs.org/@types%2fbabel__generator 43ms (cache miss)
243 silly packumentCache full:https://registry.npmjs.org/@types%2fbabel__generator set size:undefined disposed:false
244 http fetch GET 200 https://registry.npmjs.org/@types%2fbabel__traverse 44ms (cache miss)
245 silly packumentCache full:https://registry.npmjs.org/@types%2fbabel__traverse set size:undefined disposed:false
246 silly fetch manifest @babel/core@^7.0.0
247 silly packumentCache full:https://registry.npmjs.org/@babel%2fcore cache-miss
248 http cache https://registry.npmjs.org/@babel%2fcore 2ms (cache hit)
249 silly packumentCache full:https://registry.npmjs.org/@babel%2fcore set size:745002 disposed:false
250 silly placeDep ROOT @babel/code-frame@7.28.6 OK for: @babel/core@7.28.6 want: ^7.28.6
251 silly placeDep ROOT @babel/generator@7.28.6 OK for: @babel/core@7.28.6 want: ^7.28.6
252 silly placeDep ROOT @babel/helper-compilation-targets@7.28.6 OK for: @babel/core@7.28.6 want: ^7.28.6
253 silly placeDep ROOT @babel/helper-module-transforms@7.28.6 OK for: @babel/core@7.28.6 want: ^7.28.6
254 silly placeDep ROOT @babel/helpers@7.28.6 OK for: @babel/core@7.28.6 want: ^7.28.6
255 silly placeDep ROOT @babel/parser@7.28.6 OK for: @babel/core@7.28.6 want: ^7.28.6
256 silly placeDep ROOT @babel/template@7.28.6 OK for: @babel/core@7.28.6 want: ^7.28.6
257 silly placeDep ROOT @babel/traverse@7.28.6 OK for: @babel/core@7.28.6 want: ^7.28.6
258 silly placeDep ROOT @babel/types@7.28.6 OK for: @babel/core@7.28.6 want: ^7.28.6
259 silly placeDep ROOT @jridgewell/remapping@2.3.5 OK for: @babel/core@7.28.6 want: ^2.3.5
260 silly placeDep ROOT convert-source-map@2.0.0 OK for: @babel/core@7.28.6 want: ^2.0.0
261 silly placeDep ROOT gensync@1.0.0-beta.2 OK for: @babel/core@7.28.6 want: ^1.0.0-beta.2
262 silly placeDep ROOT json5@2.2.3 OK for: @babel/core@7.28.6 want: ^2.2.3
263 silly placeDep node_modules/@babel/core semver@6.3.1 OK for: @babel/core@7.28.6 want: ^6.3.1
264 silly fetch manifest @babel/helper-validator-identifier@^7.28.5
265 silly packumentCache full:https://registry.npmjs.org/@babel%2fhelper-validator-identifier cache-miss
266 silly fetch manifest js-tokens@^4.0.0
267 silly packumentCache full:https://registry.npmjs.org/js-tokens cache-miss
268 silly fetch manifest jsesc@^3.0.2
269 silly packumentCache full:https://registry.npmjs.org/jsesc cache-miss
270 silly fetch manifest @babel/compat-data@^7.28.6
271 silly packumentCache full:https://registry.npmjs.org/@babel%2fcompat-data cache-miss
272 silly fetch manifest @babel/helper-validator-option@^7.27.1
273 silly packumentCache full:https://registry.npmjs.org/@babel%2fhelper-validator-option cache-miss
274 silly fetch manifest lru-cache@^5.1.1
275 silly packumentCache full:https://registry.npmjs.org/lru-cache cache-miss
276 silly fetch manifest @babel/helper-module-imports@^7.28.6
277 silly packumentCache full:https://registry.npmjs.org/@babel%2fhelper-module-imports cache-miss
278 silly fetch manifest @babel/helper-validator-identifier@^7.28.5
279 silly packumentCache full:https://registry.npmjs.org/@babel%2fhelper-validator-identifier cache-miss
280 silly fetch manifest @babel/helper-globals@^7.28.0
281 silly packumentCache full:https://registry.npmjs.org/@babel%2fhelper-globals cache-miss
282 silly fetch manifest @babel/helper-string-parser@^7.27.1
283 silly packumentCache full:https://registry.npmjs.org/@babel%2fhelper-string-parser cache-miss
284 silly fetch manifest @babel/helper-validator-identifier@^7.28.5
285 silly packumentCache full:https://registry.npmjs.org/@babel%2fhelper-validator-identifier cache-miss
286 http fetch GET 200 https://registry.npmjs.org/js-tokens 43ms (cache miss)
287 silly packumentCache full:https://registry.npmjs.org/js-tokens set size:undefined disposed:false
288 http fetch GET 200 https://registry.npmjs.org/@babel%2fhelper-string-parser 42ms (cache miss)
289 silly packumentCache full:https://registry.npmjs.org/@babel%2fhelper-string-parser set size:undefined disposed:false
290 http fetch GET 200 https://registry.npmjs.org/@babel%2fhelper-validator-option 44ms (cache miss)
291 silly packumentCache full:https://registry.npmjs.org/@babel%2fhelper-validator-option set size:undefined disposed:false
292 http fetch GET 200 https://registry.npmjs.org/@babel%2fhelper-validator-identifier 49ms (cache miss)
293 silly packumentCache full:https://registry.npmjs.org/@babel%2fhelper-validator-identifier set size:undefined disposed:false
294 http fetch GET 200 https://registry.npmjs.org/@babel%2fhelper-validator-identifier 49ms (cache miss)
295 silly packumentCache full:https://registry.npmjs.org/@babel%2fhelper-validator-identifier set size:undefined disposed:false
296 http fetch GET 200 https://registry.npmjs.org/@babel%2fhelper-validator-identifier 50ms (cache miss)
297 silly packumentCache full:https://registry.npmjs.org/@babel%2fhelper-validator-identifier set size:undefined disposed:false
298 http fetch GET 200 https://registry.npmjs.org/@babel%2fhelper-globals 51ms (cache miss)
299 silly packumentCache full:https://registry.npmjs.org/@babel%2fhelper-globals set size:undefined disposed:false
300 http fetch GET 200 https://registry.npmjs.org/jsesc 53ms (cache miss)
301 silly packumentCache full:https://registry.npmjs.org/jsesc set size:undefined disposed:false
302 http fetch GET 200 https://registry.npmjs.org/lru-cache 53ms (cache miss)
303 silly packumentCache full:https://registry.npmjs.org/lru-cache set size:undefined disposed:false
304 http fetch GET 200 https://registry.npmjs.org/@babel%2fhelper-module-imports 55ms (cache miss)
305 silly packumentCache full:https://registry.npmjs.org/@babel%2fhelper-module-imports set size:undefined disposed:false
306 http fetch GET 200 https://registry.npmjs.org/@babel%2fcompat-data 56ms (cache miss)
307 silly packumentCache full:https://registry.npmjs.org/@babel%2fcompat-data set size:undefined disposed:false
308 silly placeDep ROOT @babel/helper-validator-identifier@7.28.5 OK for: @babel/code-frame@7.28.6 want: ^7.28.5
309 silly placeDep ROOT js-tokens@4.0.0 OK for: @babel/code-frame@7.28.6 want: ^4.0.0
310 silly placeDep ROOT jsesc@3.1.0 OK for: @babel/generator@7.28.6 want: ^3.0.2
311 silly placeDep ROOT @babel/compat-data@7.28.6 OK for: @babel/helper-compilation-targets@7.28.6 want: ^7.28.6
312 silly placeDep ROOT @babel/helper-validator-option@7.27.1 OK for: @babel/helper-compilation-targets@7.28.6 want: ^7.27.1
313 silly placeDep node_modules/@babel/helper-compilation-targets lru-cache@5.1.1 OK for: @babel/helper-compilation-targets@7.28.6 want: ^5.1.1
314 silly placeDep node_modules/@babel/helper-compilation-targets semver@6.3.1 OK for: @babel/helper-compilation-targets@7.28.6 want: ^6.3.1
315 silly fetch manifest yallist@^3.0.2
316 silly packumentCache full:https://registry.npmjs.org/yallist cache-miss
317 http fetch GET 200 https://registry.npmjs.org/yallist 30ms (cache miss)
318 silly packumentCache full:https://registry.npmjs.org/yallist set size:undefined disposed:false
319 silly placeDep ROOT @babel/helper-module-imports@7.28.6 OK for: @babel/helper-module-transforms@7.28.6 want: ^7.28.6
320 silly placeDep ROOT @babel/helper-plugin-utils@7.28.6 OK for: @babel/plugin-transform-react-jsx-self@7.27.1 want: ^7.27.1
321 silly placeDep ROOT @babel/helper-globals@7.28.0 OK for: @babel/traverse@7.28.6 want: ^7.28.0
322 silly placeDep ROOT @babel/helper-string-parser@7.27.1 OK for: @babel/types@7.28.6 want: ^7.27.1
323 silly placeDep ROOT @types/babel__generator@7.27.0 OK for: @types/babel__core@7.20.5 want: *
324 silly placeDep ROOT @types/babel__template@7.4.4 OK for: @types/babel__core@7.20.5 want: *
325 silly placeDep ROOT @types/babel__traverse@7.28.0 OK for: @types/babel__core@7.20.5 want: *
326 silly placeDep ROOT @emotion/is-prop-valid@0.8.8 OK for: framer-motion@10.18.0 want: ^0.8.2
327 verbose stack Error: could not resolve
327 verbose stack     at PlaceDep.failPeerConflict (/opt/homebrew/lib/node_modules/npm/node_modules/@npmcli/arborist/lib/place-dep.js:503:25)
327 verbose stack     at new PlaceDep (/opt/homebrew/lib/node_modules/npm/node_modules/@npmcli/arborist/lib/place-dep.js:157:21)
327 verbose stack     at #buildDepStep (/opt/homebrew/lib/node_modules/npm/node_modules/@npmcli/arborist/lib/arborist/build-ideal-tree.js:934:18)
327 verbose stack     at async Arborist.buildIdealTree (/opt/homebrew/lib/node_modules/npm/node_modules/@npmcli/arborist/lib/arborist/build-ideal-tree.js:170:7)
327 verbose stack     at async Promise.all (index 1)
327 verbose stack     at async Arborist.reify (/opt/homebrew/lib/node_modules/npm/node_modules/@npmcli/arborist/lib/arborist/reify.js:110:5)
327 verbose stack     at async Install.exec (/opt/homebrew/lib/node_modules/npm/lib/commands/install.js:150:5)
327 verbose stack     at async Npm.exec (/opt/homebrew/lib/node_modules/npm/lib/npm.js:208:9)
327 verbose stack     at async module.exports (/opt/homebrew/lib/node_modules/npm/lib/cli/entry.js:67:5)
328 error code ERESOLVE
329 error ERESOLVE could not resolve
330 error
331 error While resolving: framer-motion@10.18.0
331 error Found: react@19.2.1[2m[22m
331 error [2mnode_modules/react[22m
331 error   react@"^19.2.1" from the root project
331 error   [95mpeer[39m react@"^16.8.0 || ^17.0.0 || ^18.0.0 || ^19.0.0" from @monaco-editor/react@4.7.0[2m[22m
331 error   [2mnode_modules/@monaco-editor/react[22m
331 error     @monaco-editor/react@"^4.7.0" from the root project
331 error   6 more (lucide-react, react-dom, react-markdown, react-router, ...)
331 error
331 error Could not resolve dependency:
331 error peerOptional react@"^18.0.0" from framer-motion@10.18.0[2m[22m
331 error [2mnode_modules/framer-motion[22m
331 error   framer-motion@"^10.16.16" from the root project
331 error
331 error Conflicting peer dependency: react@18.3.1[2m[22m
331 error [2mnode_modules/react[22m
331 error   peerOptional react@"^18.0.0" from framer-motion@10.18.0[2m[22m
331 error   [2mnode_modules/framer-motion[22m
331 error     framer-motion@"^10.16.16" from the root project
331 error
331 error Fix the upstream dependency conflict, or retry
331 error this command with --force or --legacy-peer-deps
331 error to accept an incorrect (and potentially broken) dependency resolution.
332 error
332 error
332 error For a full report see:
332 error /Users/extrepa/Projects/errl-portal/.npm-logs/2026-01-14T06_27_38_762Z-eresolve-report.txt
333 silly unfinished npm timer reify 1768372058857
334 silly unfinished npm timer reify:loadTrees 1768372058858
335 silly unfinished npm timer idealTree:buildDeps 1768372058912
336 silly unfinished npm timer idealTree:node_modules/framer-motion 1768372061008
337 verbose cwd /Users/extrepa/Projects/errl-portal
338 verbose os Darwin 25.2.0
339 verbose node v25.2.1
340 verbose npm  v11.7.0
341 verbose exit 1
342 verbose code 1
343 error A complete log of this run can be found in: /Users/extrepa/Projects/errl-portal/.npm-logs/2026-01-14T06_27_38_762Z-debug-0.log
